<?xml version="1.0" encoding="UTF-8"?>
<!-- Generated by org.testng.reporters.JUnitReportReporter -->
<testsuite hostname="DESKTOP-RQBSCV4" failures="0" tests="1" name="com.ucc.MobileAppTesting.BaseClass" time="21.760" errors="0" timestamp="06 Nov 2023 11:53:02 GMT" skipped="0">
  <testcase classname="com.ucc.MobileAppTesting.BaseClass" name="configureAppium" time="21.760"/>
</testsuite> <!-- com.ucc.MobileAppTesting.BaseClass -->
